<?xml version="1.0" encoding="UTF-8" ?>
<testsuite errors="0" failures="1" hostname="Kenneths-MacBook-Air.local" name="test.AllTests" skipped="0" tests="6" time="0.101" timestamp="2019-07-30T03:09:08">
  <properties>
[...]
</properties>
  <testcase classname="test.MyStringStackTest" name="testStackNull" time="0.003" />
  <testcase classname="test.MyStringStackTest" name="testPop" time="0.001" />
  <testcase classname="test.MyStringStackTest" name="testClear" time="0.0" />
  <testcase classname="test.MyStringStackTest" name="testPush" time="0.006">
    <failure type="junit.framework.AssertionFailedError">junit.framework.AssertionFailedError
	at test.MyStringStackTest.testPush(MyStringStackTest.java:37)
</failure>
  </testcase>
  <testcase classname="test.MyStringStackTest" name="testStackSequence" time="0.0" />
  <testcase classname="test.MyStringStackTest" name="testIsEmpty" time="0.0" />
  <system-out><![CDATA[Test for default package
hello
hello
hello
hello
hello
hello
]]></system-out>
  <system-err><![CDATA[]]></system-err>
</testsuite>
